<?xml version="1.0" encoding="UTF-8"?>
<coverage generated="1602420795792" clover="3.2.0">
  <project timestamp="1602420795793" name="All files">
    <metrics statements="29" coveredstatements="23" conditionals="5" coveredconditionals="4" methods="14" coveredmethods="11" elements="48" coveredelements="38" complexity="0" loc="29" ncloc="29" packages="8" files="17" classes="17"/>
    <package name="actions">
      <metrics statements="2" coveredstatements="2" conditionals="0" coveredconditionals="0" methods="1" coveredmethods="1"/>
      <file name="exampleState.js" path="/var/projects/alchemy/src/actions/exampleState.js">
        <metrics statements="2" coveredstatements="2" conditionals="0" coveredconditionals="0" methods="1" coveredmethods="1"/>
        <line num="1" count="2" type="stmt"/>
        <line num="3" count="2" type="stmt"/>
      </file>
    </package>
    <package name="app">
      <metrics statements="7" coveredstatements="3" conditionals="0" coveredconditionals="0" methods="4" coveredmethods="1"/>
      <file name="app.js" path="/var/projects/alchemy/src/app/app.js">
        <metrics statements="1" coveredstatements="0" conditionals="0" coveredconditionals="0" methods="1" coveredmethods="0"/>
        <line num="7" count="0" type="stmt"/>
      </file>
      <file name="index.js" path="/var/projects/alchemy/src/app/index.js">
        <metrics statements="0" coveredstatements="0" conditionals="0" coveredconditionals="0" methods="0" coveredmethods="0"/>
      </file>
      <file name="wrapWithRedux.js" path="/var/projects/alchemy/src/app/wrapWithRedux.js">
        <metrics statements="3" coveredstatements="3" conditionals="0" coveredconditionals="0" methods="1" coveredmethods="1"/>
        <line num="6" count="2" type="stmt"/>
        <line num="10" count="2" type="stmt"/>
        <line num="13" count="3" type="stmt"/>
      </file>
      <file name="wrapWithRouting.js" path="/var/projects/alchemy/src/app/wrapWithRouting.js">
        <metrics statements="3" coveredstatements="0" conditionals="0" coveredconditionals="0" methods="2" coveredmethods="0"/>
        <line num="6" count="0" type="stmt"/>
        <line num="9" count="0" type="stmt"/>
        <line num="13" count="0" type="stmt"/>
      </file>
    </package>
    <package name="components.Component-example">
      <metrics statements="9" coveredstatements="9" conditionals="0" coveredconditionals="0" methods="3" coveredmethods="3"/>
      <file name="component-example.interface.js" path="/var/projects/alchemy/src/components/Component-example/component-example.interface.js">
        <metrics statements="2" coveredstatements="2" conditionals="0" coveredconditionals="0" methods="0" coveredmethods="0"/>
        <line num="5" count="2" type="stmt"/>
        <line num="12" count="2" type="stmt"/>
      </file>
      <file name="component-example.js" path="/var/projects/alchemy/src/components/Component-example/component-example.js">
        <metrics statements="6" coveredstatements="6" conditionals="0" coveredconditionals="0" methods="3" coveredmethods="3"/>
        <line num="6" count="2" type="stmt"/>
        <line num="7" count="14" type="stmt"/>
        <line num="8" count="7" type="stmt"/>
        <line num="10" count="7" type="stmt"/>
        <line num="11" count="2" type="stmt"/>
        <line num="14" count="7" type="stmt"/>
      </file>
      <file name="component-example.styled.js" path="/var/projects/alchemy/src/components/Component-example/component-example.styled.js">
        <metrics statements="1" coveredstatements="1" conditionals="0" coveredconditionals="0" methods="0" coveredmethods="0"/>
        <line num="5" count="2" type="stmt"/>
      </file>
      <file name="index.js" path="/var/projects/alchemy/src/components/Component-example/index.js">
        <metrics statements="0" coveredstatements="0" conditionals="0" coveredconditionals="0" methods="0" coveredmethods="0"/>
      </file>
    </package>
    <package name="pages">
      <metrics statements="0" coveredstatements="0" conditionals="0" coveredconditionals="0" methods="0" coveredmethods="0"/>
      <file name="index.js" path="/var/projects/alchemy/src/pages/index.js">
        <metrics statements="0" coveredstatements="0" conditionals="0" coveredconditionals="0" methods="0" coveredmethods="0"/>
      </file>
    </package>
    <package name="pages.Home">
      <metrics statements="1" coveredstatements="1" conditionals="0" coveredconditionals="0" methods="1" coveredmethods="1"/>
      <file name="home.js" path="/var/projects/alchemy/src/pages/Home/home.js">
        <metrics statements="1" coveredstatements="1" conditionals="0" coveredconditionals="0" methods="1" coveredmethods="1"/>
        <line num="6" count="1" type="stmt"/>
      </file>
      <file name="index.js" path="/var/projects/alchemy/src/pages/Home/index.js">
        <metrics statements="0" coveredstatements="0" conditionals="0" coveredconditionals="0" methods="0" coveredmethods="0"/>
      </file>
    </package>
    <package name="pages.Presentation">
      <metrics statements="1" coveredstatements="1" conditionals="0" coveredconditionals="0" methods="1" coveredmethods="1"/>
      <file name="index.js" path="/var/projects/alchemy/src/pages/Presentation/index.js">
        <metrics statements="0" coveredstatements="0" conditionals="0" coveredconditionals="0" methods="0" coveredmethods="0"/>
      </file>
      <file name="presentation.js" path="/var/projects/alchemy/src/pages/Presentation/presentation.js">
        <metrics statements="1" coveredstatements="1" conditionals="0" coveredconditionals="0" methods="1" coveredmethods="1"/>
        <line num="5" count="1" type="stmt"/>
      </file>
    </package>
    <package name="reducers">
      <metrics statements="2" coveredstatements="2" conditionals="3" coveredconditionals="3" methods="1" coveredmethods="1"/>
      <file name="exampleState.js" path="/var/projects/alchemy/src/reducers/exampleState.js">
        <metrics statements="2" coveredstatements="2" conditionals="3" coveredconditionals="3" methods="1" coveredmethods="1"/>
        <line num="2" count="8" type="cond" truecount="2" falsecount="0"/>
        <line num="3" count="6" type="stmt"/>
      </file>
    </package>
    <package name="utils">
      <metrics statements="7" coveredstatements="5" conditionals="2" coveredconditionals="1" methods="3" coveredmethods="3"/>
      <file name="styled.js" path="/var/projects/alchemy/src/utils/styled.js">
        <metrics statements="7" coveredstatements="5" conditionals="2" coveredconditionals="1" methods="3" coveredmethods="3"/>
        <line num="4" count="2" type="stmt"/>
        <line num="5" count="2" type="stmt"/>
        <line num="6" count="3" type="stmt"/>
        <line num="7" count="3" type="cond" truecount="1" falsecount="1"/>
        <line num="8" count="0" type="stmt"/>
        <line num="12" count="0" type="stmt"/>
        <line num="19" count="3" type="stmt"/>
      </file>
      <file name="stylesType.js" path="/var/projects/alchemy/src/utils/stylesType.js">
        <metrics statements="0" coveredstatements="0" conditionals="0" coveredconditionals="0" methods="0" coveredmethods="0"/>
      </file>
    </package>
  </project>
</coverage>
