{"/var/projects/alchemy/src/components/Component.example/component.example.js": {"path":"/var/projects/alchemy/src/components/Component.example/component.example.js","statementMap":{"0":{"start":{"line":5,"column":25},"end":{"line":22,"column":1}},"1":{"start":{"line":6,"column":34},"end":{"line":6,"column":45}},"2":{"start":{"line":8,"column":4},"end":{"line":21,"column":5}},"3":{"start":{"line":13,"column":16},"end":{"line":13,"column":39}},"4":{"start":{"line":14,"column":16},"end":{"line":14,"column":38}}},"fnMap":{"0":{"name":"(anonymous_0)","decl":{"start":{"line":5,"column":25},"end":{"line":5,"column":26}},"loc":{"start":{"line":5,"column":40},"end":{"line":22,"column":1}},"line":5},"1":{"name":"(anonymous_1)","decl":{"start":{"line":12,"column":21},"end":{"line":12,"column":22}},"loc":{"start":{"line":12,"column":27},"end":{"line":15,"column":13}},"line":12}},"branchMap":{},"s":{"0":1,"1":3,"2":3,"3":1,"4":1},"f":{"0":3,"1":1},"b":{},"_coverageSchema":"1a1c01bbd47fc00a2c39e90264f33305004495a9","hash":"68e4a37bd25e2b6b7e48ba3ca54bff2dce687346"}
,"/var/projects/alchemy/src/components/Component.example/component.example.style.js": {"path":"/var/projects/alchemy/src/components/Component.example/component.example.style.js","statementMap":{},"fnMap":{},"branchMap":{},"s":{},"f":{},"b":{},"_coverageSchema":"1a1c01bbd47fc00a2c39e90264f33305004495a9","hash":"cd13067da978302b4400fddb15fa79b286d62bb3"}
,"/var/projects/alchemy/src/components/Component.example/index.js": {"path":"/var/projects/alchemy/src/components/Component.example/index.js","statementMap":{},"fnMap":{},"branchMap":{},"s":{},"f":{},"b":{}}
}
