{"/var/projects/alchemy/src/actions/exampleState.js": {"path":"/var/projects/alchemy/src/actions/exampleState.js","statementMap":{"0":{"start":{"line":1,"column":22},"end":{"line":1,"column":37}},"1":{"start":{"line":3,"column":29},"end":{"line":6,"column":1}}},"fnMap":{"0":{"name":"(anonymous_0)","decl":{"start":{"line":3,"column":15},"end":{"line":3,"column":16}},"loc":{"start":{"line":3,"column":29},"end":{"line":6,"column":1}},"line":3}},"branchMap":{},"s":{"0":1,"1":2},"f":{"0":2},"b":{},"_coverageSchema":"1a1c01bbd47fc00a2c39e90264f33305004495a9","hash":"f9144b1f27c5ed3ba5ef4df452d074a635855d17"}
,"/var/projects/alchemy/src/app/app.js": {"path":"/var/projects/alchemy/src/app/app.js","statementMap":{"0":{"start":{"line":8,"column":2},"end":{"line":16,"column":4}}},"fnMap":{"0":{"name":"App","decl":{"start":{"line":7,"column":24},"end":{"line":7,"column":27}},"loc":{"start":{"line":7,"column":30},"end":{"line":17,"column":1}},"line":7}},"branchMap":{},"s":{"0":0},"f":{"0":0},"b":{}}
,"/var/projects/alchemy/src/app/index.js": {"path":"/var/projects/alchemy/src/app/index.js","statementMap":{},"fnMap":{},"branchMap":{},"s":{},"f":{},"b":{}}
,"/var/projects/alchemy/src/app/wrapWithRedux.js": {"path":"/var/projects/alchemy/src/app/wrapWithRedux.js","statementMap":{"0":{"start":{"line":6,"column":20},"end":{"line":8,"column":2}},"1":{"start":{"line":10,"column":14},"end":{"line":10,"column":38}},"2":{"start":{"line":13,"column":2},"end":{"line":17,"column":4}}},"fnMap":{"0":{"name":"WrapWithRedux","decl":{"start":{"line":12,"column":24},"end":{"line":12,"column":37}},"loc":{"start":{"line":12,"column":52},"end":{"line":18,"column":1}},"line":12}},"branchMap":{},"s":{"0":1,"1":1,"2":2},"f":{"0":2},"b":{},"_coverageSchema":"1a1c01bbd47fc00a2c39e90264f33305004495a9","hash":"84137fea60ac447666020e5dac98d8662c622031"}
,"/var/projects/alchemy/src/components/Component-example/component-example.interface.js": {"path":"/var/projects/alchemy/src/components/Component-example/component-example.interface.js","statementMap":{"0":{"start":{"line":5,"column":0},"end":{"line":10,"column":2}},"1":{"start":{"line":12,"column":0},"end":{"line":15,"column":2}}},"fnMap":{},"branchMap":{},"s":{"0":1,"1":1},"f":{},"b":{},"_coverageSchema":"1a1c01bbd47fc00a2c39e90264f33305004495a9","hash":"5b37576e6ff3c8b266b9cf8cd2b0030534cd0ee5"}
,"/var/projects/alchemy/src/components/Component-example/component-example.js": {"path":"/var/projects/alchemy/src/components/Component-example/component-example.js","statementMap":{"0":{"start":{"line":6,"column":25},"end":{"line":31,"column":1}},"1":{"start":{"line":7,"column":18},"end":{"line":7,"column":60}},"2":{"start":{"line":7,"column":41},"end":{"line":7,"column":59}},"3":{"start":{"line":8,"column":19},"end":{"line":8,"column":32}},"4":{"start":{"line":10,"column":22},"end":{"line":12,"column":3}},"5":{"start":{"line":11,"column":4},"end":{"line":11,"column":41}},"6":{"start":{"line":14,"column":2},"end":{"line":30,"column":4}}},"fnMap":{"0":{"name":"(anonymous_0)","decl":{"start":{"line":6,"column":25},"end":{"line":6,"column":26}},"loc":{"start":{"line":6,"column":48},"end":{"line":31,"column":1}},"line":6},"1":{"name":"(anonymous_1)","decl":{"start":{"line":7,"column":30},"end":{"line":7,"column":31}},"loc":{"start":{"line":7,"column":41},"end":{"line":7,"column":59}},"line":7},"2":{"name":"(anonymous_2)","decl":{"start":{"line":10,"column":22},"end":{"line":10,"column":23}},"loc":{"start":{"line":10,"column":28},"end":{"line":12,"column":3}},"line":10}},"branchMap":{},"s":{"0":1,"1":6,"2":12,"3":6,"4":6,"5":2,"6":6},"f":{"0":6,"1":12,"2":2},"b":{},"_coverageSchema":"1a1c01bbd47fc00a2c39e90264f33305004495a9","hash":"77ec1a6e12e87200e8ac02b5641f45d52c9db445"}
,"/var/projects/alchemy/src/components/Component-example/component-example.styled.js": {"path":"/var/projects/alchemy/src/components/Component-example/component-example.styled.js","statementMap":{"0":{"start":{"line":5,"column":15},"end":{"line":15,"column":2}}},"fnMap":{},"branchMap":{},"s":{"0":1},"f":{},"b":{},"_coverageSchema":"1a1c01bbd47fc00a2c39e90264f33305004495a9","hash":"c4bb4a1c44c135ac6f1370bcf11bbbabd818fa46"}
,"/var/projects/alchemy/src/components/Component-example/index.js": {"path":"/var/projects/alchemy/src/components/Component-example/index.js","statementMap":{},"fnMap":{},"branchMap":{},"s":{},"f":{},"b":{},"_coverageSchema":"1a1c01bbd47fc00a2c39e90264f33305004495a9","hash":"6c93fec6625ae067db44350c9aee27bc29be136c"}
,"/var/projects/alchemy/src/reducers/exampleState.js": {"path":"/var/projects/alchemy/src/reducers/exampleState.js","statementMap":{"0":{"start":{"line":2,"column":2},"end":{"line":2,"column":64}},"1":{"start":{"line":2,"column":42},"end":{"line":2,"column":64}},"2":{"start":{"line":3,"column":2},"end":{"line":3,"column":15}}},"fnMap":{"0":{"name":"(anonymous_0)","decl":{"start":{"line":1,"column":15},"end":{"line":1,"column":16}},"loc":{"start":{"line":1,"column":38},"end":{"line":4,"column":1}},"line":1}},"branchMap":{"0":{"loc":{"start":{"line":1,"column":16},"end":{"line":1,"column":25}},"type":"default-arg","locations":[{"start":{"line":1,"column":24},"end":{"line":1,"column":25}}],"line":1},"1":{"loc":{"start":{"line":2,"column":2},"end":{"line":2,"column":64}},"type":"if","locations":[{"start":{"line":2,"column":2},"end":{"line":2,"column":64}},{"start":{"line":2,"column":2},"end":{"line":2,"column":64}}],"line":2}},"s":{"0":5,"1":2,"2":3},"f":{"0":5},"b":{"0":[3],"1":[2,3]},"_coverageSchema":"1a1c01bbd47fc00a2c39e90264f33305004495a9","hash":"867086a12946414b9133c4b7bd9cb19d08ddbb72"}
,"/var/projects/alchemy/src/utils/styled.js": {"path":"/var/projects/alchemy/src/utils/styled.js","statementMap":{"0":{"start":{"line":4,"column":15},"end":{"line":27,"column":1}},"1":{"start":{"line":4,"column":34},"end":{"line":27,"column":1}},"2":{"start":{"line":5,"column":2},"end":{"line":26,"column":4}},"3":{"start":{"line":6,"column":37},"end":{"line":6,"column":42}},"4":{"start":{"line":7,"column":4},"end":{"line":18,"column":5}},"5":{"start":{"line":8,"column":27},"end":{"line":11,"column":7}},"6":{"start":{"line":12,"column":6},"end":{"line":17,"column":8}},"7":{"start":{"line":19,"column":4},"end":{"line":24,"column":6}}},"fnMap":{"0":{"name":"(anonymous_0)","decl":{"start":{"line":4,"column":15},"end":{"line":4,"column":16}},"loc":{"start":{"line":4,"column":34},"end":{"line":27,"column":1}},"line":4},"1":{"name":"(anonymous_1)","decl":{"start":{"line":4,"column":34},"end":{"line":4,"column":35}},"loc":{"start":{"line":4,"column":47},"end":{"line":27,"column":1}},"line":4},"2":{"name":"(anonymous_2)","decl":{"start":{"line":5,"column":9},"end":{"line":5,"column":10}},"loc":{"start":{"line":5,"column":20},"end":{"line":26,"column":3}},"line":5}},"branchMap":{"0":{"loc":{"start":{"line":7,"column":4},"end":{"line":18,"column":5}},"type":"if","locations":[{"start":{"line":7,"column":4},"end":{"line":18,"column":5}},{"start":{"line":7,"column":4},"end":{"line":18,"column":5}}],"line":7}},"s":{"0":1,"1":1,"2":1,"3":2,"4":2,"5":0,"6":0,"7":2},"f":{"0":1,"1":1,"2":2},"b":{"0":[0,2]},"_coverageSchema":"1a1c01bbd47fc00a2c39e90264f33305004495a9","hash":"d52cfb5aaa413afbeabe928713262757226754b8"}
,"/var/projects/alchemy/src/utils/stylesType.js": {"path":"/var/projects/alchemy/src/utils/stylesType.js","statementMap":{},"fnMap":{},"branchMap":{},"s":{},"f":{},"b":{},"_coverageSchema":"1a1c01bbd47fc00a2c39e90264f33305004495a9","hash":"07597160edb08061a16bb6235be3c69557e11921"}
}
