TN:
SF:src/actions/exampleState.js
FN:3,(anonymous_0)
FNF:1
FNH:1
FNDA:2,(anonymous_0)
DA:1,2
DA:3,2
LF:2
LH:2
BRF:0
BRH:0
end_of_record
TN:
SF:src/app/app.js
FN:6,App
FNF:1
FNH:0
FNDA:0,App
DA:7,0
LF:1
LH:0
BRF:0
BRH:0
end_of_record
TN:
SF:src/app/index.js
FNF:0
FNH:0
LF:0
LH:0
BRF:0
BRH:0
end_of_record
TN:
SF:src/app/wrapWithRedux.js
FN:12,WrapWithRedux
FNF:1
FNH:1
FNDA:3,WrapWithRedux
DA:6,2
DA:10,2
DA:13,3
LF:3
LH:3
BRF:0
BRH:0
end_of_record
TN:
SF:src/app/wrapWithRouting.js
FN:8,WrapWithRouting
FN:12,(anonymous_1)
FNF:2
FNH:0
FNDA:0,WrapWithRouting
FNDA:0,(anonymous_1)
DA:6,0
DA:9,0
DA:13,0
LF:3
LH:0
BRF:0
BRH:0
end_of_record
TN:
SF:src/components/Component-example/component-example.interface.js
FNF:0
FNH:0
DA:5,2
DA:12,2
LF:2
LH:2
BRF:0
BRH:0
end_of_record
TN:
SF:src/components/Component-example/component-example.js
FN:6,(anonymous_0)
FN:7,(anonymous_1)
FN:10,(anonymous_2)
FNF:3
FNH:3
FNDA:7,(anonymous_0)
FNDA:14,(anonymous_1)
FNDA:2,(anonymous_2)
DA:6,2
DA:7,14
DA:8,7
DA:10,7
DA:11,2
DA:14,7
LF:6
LH:6
BRF:0
BRH:0
end_of_record
TN:
SF:src/components/Component-example/component-example.styled.js
FNF:0
FNH:0
DA:5,2
LF:1
LH:1
BRF:0
BRH:0
end_of_record
TN:
SF:src/components/Component-example/index.js
FNF:0
FNH:0
LF:0
LH:0
BRF:0
BRH:0
end_of_record
TN:
SF:src/pages/index.js
FNF:0
FNH:0
LF:0
LH:0
BRF:0
BRH:0
end_of_record
TN:
SF:src/pages/Home/home.js
FN:5,Home
FNF:1
FNH:1
FNDA:1,Home
DA:6,1
LF:1
LH:1
BRF:0
BRH:0
end_of_record
TN:
SF:src/pages/Home/index.js
FNF:0
FNH:0
LF:0
LH:0
BRF:0
BRH:0
end_of_record
TN:
SF:src/pages/Presentation/index.js
FNF:0
FNH:0
LF:0
LH:0
BRF:0
BRH:0
end_of_record
TN:
SF:src/pages/Presentation/presentation.js
FN:4,Presentation
FNF:1
FNH:1
FNDA:1,Presentation
DA:5,1
LF:1
LH:1
BRF:0
BRH:0
end_of_record
TN:
SF:src/reducers/exampleState.js
FN:1,(anonymous_0)
FNF:1
FNH:1
FNDA:8,(anonymous_0)
DA:2,8
DA:3,6
LF:2
LH:2
BRDA:1,0,0,6
BRDA:2,1,0,2
BRDA:2,1,1,6
BRF:3
BRH:3
end_of_record
TN:
SF:src/utils/styled.js
FN:4,(anonymous_0)
FN:4,(anonymous_1)
FN:5,(anonymous_2)
FNF:3
FNH:3
FNDA:2,(anonymous_0)
FNDA:2,(anonymous_1)
FNDA:3,(anonymous_2)
DA:4,2
DA:5,2
DA:6,3
DA:7,3
DA:8,0
DA:12,0
DA:19,3
LF:7
LH:5
BRDA:7,0,0,0
BRDA:7,0,1,3
BRF:2
BRH:1
end_of_record
TN:
SF:src/utils/stylesType.js
FNF:0
FNH:0
LF:0
LH:0
BRF:0
BRH:0
end_of_record
